C51 COMPILER V9.60.7.0   MAIN_V20                                                          04/07/2026 16:32:46 PAGE 1   


C51 COMPILER V9.60.7.0, COMPILATION OF MODULE MAIN_V20
OBJECT MODULE PLACED IN .\list\main-V20.obj
COMPILER INVOKED BY: d:\Keil_v5\C51\BIN\C51.EXE main-V20.c OPTIMIZE(8,SPEED) BROWSE DEBUG OBJECTEXTEND PRINT(.\list\main
                    --V20.lst) TABS(2) OBJECT(.\list\main-V20.obj)

line level    source

   1          
   2          /*---------------------------------------------------------------------*/
   3          /* --- STC MCU International Limited ----------------------------------*/
   4          /* --- STC 1T Series MCU Demo Programme -------------------------------*/
   5          /* --- Mobile: 13922805190 --------------------------------------------*/
   6          /* --- Fax: 0513-55012956,55012947,55012969 ---------------------------*/
   7          /* --- Tel: 0513-55012928,55012929,55012966 ---------------------------*/
   8          /* --- Web: www.GXWMCU.com   www.stcmcu.com ---------------------------*/
   9          /* --- QQ:  800003751 -------------------------------------------------*/
  10          /* ШчЙћвЊдкГЬађжаЪЙгУДЫДњТы,ЧыдкГЬађжазЂУїЪЙгУСЫКъОЇПЦММЕФзЪСЯМАГЬађ   */
  11          /*---------------------------------------------------------------------*/
  12          
  13          
  14          /*************  ЙІФмЫЕУї  **************
  15          
  16          БОГЬађЪдбщЪЙгУSTC15W401AS-35I-SOP16<RMB1.6>РДЧ§ЖЏКНФЃгУЕФЮоДЋИаЦїЮоЫЂШ§ЯржБСїТэДя.
  17          
  18          БОГЬађВЮПМздЭјЩЯЕФДњТы(зїеп: Ш№Щњ), ИФСМЖјРД.
  19          
  20          ЕчТЗЭММћЮФМў "BLDC-V10-ЪЕбщЕчТЗ.pdf".
  21          
  22          ПижЦаХКХгЩP3.2ЪфШые§ТіГхаХКХ, МфИє5~20ms, ТіГхПэЖШ1.000~1.610ms.
  23          
  24          1.160msПЊЪМЦєЖЏ, 1.610msЮЊзюИпЫйЖШ, ЗжБцТЪЮЊ2us.
  25          
  26          БОГЬађНіНіЪЧМђЕЅПижЦ, ШэМўУЛгаДІРэ Й§0бгЪБ30ЖШЧаЛЛ Й§СїМьВт.
  27          
  28          гЩгкЙ§0МьВтВПЗжгаRCТЫВЈ, ЫљвдИФБфЕчШнжЕПЩвдДѓдМЕФЖдгІдкзюИпЫйЪБбгЪБ30ЖШЕФЪБМф.
  29          
  30          гавтепПЩздааЭъЩЦЕчТЗКЭГЬађ.
  31          
  32          ******************************************/
  33          
  34          
  35          
  36          
  37          #define MAIN_Fosc   24000000L //ЖЈвхжїЪБжг
  38          
  39           #include "STC15Fxxxx.H"
  40          // #include "STC15.H"
  41          
  42          #define   MCU_PIN   16  /* бЁдёMCUв§НХЪ§, жЛжЇГж16Лђ20НХ(28НХЛђ32НХИњ20НХвЛбљ) */
  43          
  44          // #include "reg51.h"
  45          #include "intrins.h"
  46          
  47          typedef unsigned char BYTE;
  48          typedef unsigned int WORD;
  49          void SendData(BYTE dat);
  50          void SendString(char *s);
  51          // #define FOSC 11059200L          //ЯЕЭГЦЕТЪ
  52          // #define BAUD 115200             //ДЎПкВЈЬиТЪ
  53          
  54          #define NONE_PARITY     0       //ЮоаЃбщ
C51 COMPILER V9.60.7.0   MAIN_V20                                                          04/07/2026 16:32:46 PAGE 2   

  55          #define ODD_PARITY      1       //ЦцаЃбщ
  56          #define EVEN_PARITY     2       //ХМаЃбщ
  57          #define MARK_PARITY     3       //БъМЧаЃбщ
  58          #define SPACE_PARITY    4       //ПеАзаЃбщ
  59          
  60          #define PARITYBIT NONE_PARITY   //ЖЈвхаЃбщЮЛ
  61          
  62          
  63          
  64          //CMPCR1
  65          #define CMPEN 0x80  //1: дЪаэБШНЯЦї, 0: НћжЙ,ЙиБеБШНЯЦїЕчдД
  66          #define CMPIF 0x40  //БШНЯЦїжаЖЯБъжО, АќРЈЩЯЩ§биЛђЯТНЕбижаЖЯ, ШэМўЧх0
  67          #define PIE   0x20  //1: БШНЯНсЙћгЩ0Бф1, ВњЩњЩЯЩ§бижаЖЯ
  68          #define NIE   0x10  //1: БШНЯНсЙћгЩ1Бф0, ВњЩњЯТНЕбижаЖЯ
  69          #define PIS   0x08  //ЪфШые§МЋадбЁдё, 0: бЁдёЭтВПP5.5зіе§ЪфШы,           1: гЩADCIS[2:0]ЫљбЁдёЕФADCЪфШыЖЫзіе
             -§ЪфШы.
  70          #define NIS   0x04  //ЪфШыИКМЋадбЁдё, 0: бЁдёФкВПBandGapЕчбЙBGvзіИКЪфШы, 1: бЁдёЭтВПP5.4зіЪфШы.
  71          #define CMPOE 0x02  //1: дЪаэБШНЯНсЙћЪфГіЕНP1.2, 0: НћжЙ.
  72          #define CMPRES  0x01  //БШНЯНсЙћ, 1: CMP+ЕчЦНИпгкCMP-,  0: CMP+ЕчЦНЕЭгкCMP-,  жЛЖС
  73          
  74          //CMPCR2
  75          #define INVCMPO 0x80  //1: БШНЯЦїЪфГіШЁЗД,  0: ВЛШЁЗД
  76          #define DISFLT  0x40  //1: ЙиБе0.1uFТЫВЈ,   0: дЪаэ
  77          #define LCDTY 0x00  //0~63, БШНЯНсЙћБфЛЏбгЪБжмЦкЪ§
  78          
  79          #if (MCU_PIN == 20)
                sbit PWM2_L = P3^4;
                sbit PWM1_L = P3^5;
                sbit PWM0_L = P3^6;
              #endif
  84          
  85          #if (MCU_PIN == 16)
  86            sbit PWM2_L = P5^5;   // C-
  87            sbit PWM1_L = P3^3;   // B-
  88            sbit PWM0_L = P3^6;   // A-
  89          #endif
  90          
  91          u8  Step;
  92          u8  PWM_Value; // ОіЖЈPWMеМПеБШЕФжЕ
  93          u16 RxPulseWide;
  94          bit B_RxOk;
  95          bit B_RUN;
  96          u8  PWW_Set;
  97          u8  cnt10ms;
  98          u8  Rx_cnt;
  99          u8  TimeOut;  //ЖТзЊГЌЪБ
 100          
 101          #define DISABLE_CMP_INT CMPCR1 &= ~0X40   // ЙиБеБШНЯЦїжаЖЯ
 102          #define ENABLE_CMP_INT  CMPCR1 |= 0X40    // ДђПЊБШНЯЦїжаЖЯ
 103          
 104          /*************************/
 105          
 106          void  Delay_n_ms(u8 dly)
 107          {
 108   1        u16 j;
 109   1        do
 110   1        {
 111   2          j = MAIN_Fosc / 13000;  //бгЪБ1ms, жїГЬађдкДЫНкХФЯТдЫаа
 112   2          while(--j)  ;
 113   2        }while(--dly);
 114   1      }
 115          
C51 COMPILER V9.60.7.0   MAIN_V20                                                          04/07/2026 16:32:46 PAGE 3   

 116          
 117          void delay_us(u8 us)
 118          {
 119   1        do
 120   1        {
 121   2          NOP(20);  //@24MHz
 122   2        }
 123   1        while(--us);
 124   1      }
 125          
 126          void StepXL(void) // ЛЛЯрађСаКЏЪ§
 127          {
 128   1       switch(Step)
 129   1        {
 130   2         case 0:  // AB
 131   2            PWM0_L=0; PWM2_L=0;
 132   2            PWM0_OUT_1();
 133   2            PWM1_OUT_1();
 134   2            PWM2_OUT_1();
 135   2            PWM0_NORMAL();
 136   2            CCAP0H = PWM_Value;   // ДђПЊAЯрЕФИпЖЫ
 137   2            PWM1_L = 1;     // ДђПЊBЯрЕФЕЭЖЫ
 138   2            ADC_CONTR = 0XED; // бЁдёP1.5зїЮЊADCЪфШы МДcЯрЕчбЙ
 139   2            CMPCR1 = 0x9C;    //bit7=1 дЪаэБШНЯЦї, bit4=1 БШНЯНсЙћгЩ1Бф0, ВњЩњЯТНЕбижаЖЯ (ВЛФмЯьгІЯТНЕбижаЖЯ?)
 140   2          break;
 141   2         case 1:  // AC
 142   2            PWM0_L=0; PWM1_L=0;
 143   2            PWM0_OUT_1();
 144   2            PWM1_OUT_1();
 145   2            PWM2_OUT_1();
 146   2            PWM0_NORMAL();
 147   2            CCAP0H = PWM_Value;   // ДђПЊAЯрЕФИпЖЫ
 148   2            PWM2_L = 1;     // ДђПЊCЯрЕФЕЭЖЫ
 149   2            ADC_CONTR = 0XEC; // бЁдёP1.4зїЮЊADCЪфШы МДBЯрЕчбЙ
 150   2            CMPCR1 = 0xAC;    //ЩЯЩ§бижаЖЯ
 151   2         
 152   2              break;
 153   2         case 2:  // BC
 154   2            PWM0_L=0; PWM1_L=0;
 155   2            PWM0_OUT_1();
 156   2            PWM1_OUT_1();
 157   2            PWM2_OUT_1();
 158   2            PWM1_NORMAL();
 159   2            CCAP1H = PWM_Value; // ДђПЊBЯрЕФИпЖЫ
 160   2            PWM2_L = 1;     // ДђПЊCЯрЕФЕЭЖЫ
 161   2            ADC_CONTR = 0XEB; // бЁдёP1.3зїЮЊADCЪфШы МДaЯрЕчбЙ
 162   2            CMPCR1 = 0x9C;    //ЯТНЕбижаЖЯ
 163   2              break;
 164   2         case 3:  // BA
 165   2            PWM1_L=0; PWM2_L=0;
 166   2            PWM0_OUT_1();
 167   2            PWM1_OUT_1();
 168   2            PWM2_OUT_1();
 169   2            PWM1_NORMAL();
 170   2            CCAP1H = PWM_Value; // ДђПЊBЯрЕФИпЖЫ
 171   2            PWM0_L = 1;     // ДђПЊAЯрЕФЕЭЖЫ
 172   2            ADC_CONTR = 0XED; // бЁдёP1.5зїЮЊADCЪфШы МДcЯрЕчбЙ 
 173   2            CMPCR1 = 0xAC;    //ЩЯЩ§бижаЖЯ
 174   2            
 175   2              break;
 176   2         case 4: // CA
 177   2            PWM1_L=0; PWM2_L=0;
C51 COMPILER V9.60.7.0   MAIN_V20                                                          04/07/2026 16:32:46 PAGE 4   

 178   2            PWM0_OUT_1();
 179   2            PWM1_OUT_1();
 180   2            PWM2_OUT_1();
 181   2            PWM2_NORMAL();
 182   2            CCAP2H = PWM_Value; // ДђПЊCЯрЕФИпЖЫ
 183   2            PWM0_L = 1;     // ДђПЊAЯрЕФЕЭЖЫ
 184   2            ADC_CONTR = 0XEC; // бЁдёP1.4зїЮЊADCЪфШы МДBЯрЕчбЙ
 185   2            CMPCR1 = 0x9C;    //ЯТНЕбижаЖЯ
 186   2            break;
 187   2         case 5: // CB
 188   2                PWM0_L=0; PWM2_L=0;
 189   2            PWM0_OUT_1();
 190   2            PWM1_OUT_1();
 191   2            PWM2_OUT_1();
 192   2            PWM2_NORMAL();
 193   2            CCAP2H = PWM_Value; // ДђПЊCЯрЕФИпЖЫ
 194   2                PWM1_L = 1;     // ДђПЊBЯрЕФЕЭЖЫ
 195   2            ADC_CONTR = 0XEB; // бЁдёP1.3зїЮЊADCЪфШы МДaЯрЕчбЙ
 196   2            CMPCR1 = 0xAC;    //ЩЯЩ§бижаЖЯ
 197   2         
 198   2          break;
 199   2         
 200   2        default:
 201   2          break;
 202   2        } 
 203   1      }
 204          
 205          
 206          
 207          void PWM_Init(void)
 208          {
 209   1        PWM0_L = 0;
 210   1        PWM1_L = 0;
 211   1        PWM2_L = 0;
 212   1        
 213   1        #if (MCU_PIN == 20)
                  P3n_push_pull(0x70);
                #endif
 216   1        #if (MCU_PIN == 16)
 217   1          P3n_push_pull(0x48);
 218   1          P5n_push_pull(0x20);
 219   1        #endif
 220   1      
 221   1        // CMOD = 1 << 1; //бЁдёЯЕЭГЪБжг/2ЮЊЪБжгдДЃЌМДPWMЦЕТЪ=24M/2/256=46.9K
 222   1        CMOD = 5 << 1; //бЁдёЯЕЭГЪБжг/4ЮЊЪБжгдДЃЌМДPWMЦЕТЪ=24M/4/256=23.4K
 223   1        // CMOD = 6 << 1; //бЁдёЯЕЭГЪБжг/6ЮЊЪБжгдДЃЌМДPWMЦЕТЪ=24M/6/256=15.6K
 224   1        CL=0;     // PCAМЦЪ§ЦїЧхСу
 225   1        CH=0;
 226   1        
 227   1        PCA_PWM0 = 0X00;
 228   1        CCAP0H=0;    // ГѕЪМЛЏеМПеБШЮЊ0% HЕФжЕзАдиЕНLжа
 229   1        CCAP0L=0;
 230   1        CCAPM0=0x42;  // ЩшжУЮЊPWMФЃЪН, 8ЮЛЃЌЮожаЖЯЁЃ
 231   1      
 232   1        PCA_PWM1 = 0X00;
 233   1        CCAP1H=0;    // ГѕЪМЛЏеМПеБШЮЊ0%
 234   1        CCAP1L=0;
 235   1        CCAPM1=0x42;  // ЩшжУЮЊPWMФЃЪН
 236   1        
 237   1        PCA_PWM2 = 0X00;
 238   1        CCAP2H=0;    // ГѕЪМЛЏеМПеБШЮЊ0%
 239   1        CCAP2L=0;
C51 COMPILER V9.60.7.0   MAIN_V20                                                          04/07/2026 16:32:46 PAGE 5   

 240   1        CCAPM2=0x42;  // ЩшжУЮЊPWMФЃЪН
 241   1        
 242   1        PWM0_OUT_1();
 243   1        PWM1_OUT_1();
 244   1        PWM2_OUT_1();
 245   1      
 246   1        CR = 1;
 247   1      }
 248          
 249          void ADC_Init(void)
 250          {
 251   1        P1n_pure_input(0x38);
 252   1        P1ASF = 0X38; // ПЊЭЈP1.3 P1.4 P1.5ЕФADЪфШыПк
 253   1      }
 254          
 255          void CMP_INT(void) interrupt 21
 256          {
 257   1        CMPCR1 &= ~0X40; // ашШэМўЧхГ§жаЖЯБъжОЮЛ
 258   1        if(Step<5)  Step++;
 259   1        else    Step = 0;
 260   1        StepXL();
 261   1        TimeOut = 10; //10msГЌЪБ
 262   1      }
 263          
 264          void CMP_Init(void)
 265          {
 266   1        CMPCR1 = 0X8C;  // 1000 1100 ДђПЊБШНЯЦїЃЌP5.4зїЮЊБШНЯЦїЕФЗДЯрЪфШыЖЫЃЌADCв§НХзїЮЊе§ЪфШыЖЫ 
 267   1        CMPCR2 = 60;  // 60ИіЪБжгТЫВЈ
 268   1        P5n_pure_input(0x10);
 269   1      }
 270          
 271          u8 StartMotor(void)
 272          {
 273   1        u16 timer,i;
 274   1        DISABLE_CMP_INT;  // НћжЙБШНЯЦїжаЖЯ
 275   1        PWM_Value = 30;   // ГѕЪМеМПеБШ=16/256=6%
 276   1        Step = 0;
 277   1        StepXL();     // ГѕЪМЮЛжУ
 278   1        Delay_n_ms(5);//delay_ms(5);
 279   1        timer = 300;
 280   1      
 281   1        while(1)
 282   1        {
 283   2          for(i=0; i<timer; i++)  delay_us(50);  // ЕквЛДЮЪЧ15КСУыЃЌМгЩЯЩЯУцЕФ5КСУзбгЪБЃЌзмМЦДѓдМ20КСУы
 284   2          timer -= timer /15 + 1;
 285   2          if(timer < 25)  {
 286   3            CMPCR1 &= ~0X40;  // ашШэМўЧхГ§жаЖЯБъжОЮЛ
 287   3            B_RUN = 1;      // ТэДядЫааБъжОЮЛ
 288   3            PWM_Value = 0;    // ЦєЖЏЭъГЩЁЃЭЃзЊЃЌЕШДЎПкЕФPWW_SETжЕ
 289   3            TimeOut = 10;   // 10КСУзГЌЪБ
 290   3            ENABLE_CMP_INT;   // ДђПЊБШНЯЦїжаЖЯ
 291   3            return(1);
 292   3          }
 293   2          if( Step < 5) Step++;
 294   2          else      Step = 0;
 295   2          StepXL();
 296   2          // SendString("Start Motor!\r\n");
 297   2        }
 298   1      }
 299          
 300          // void T0_Iint(void)
 301          // {
C51 COMPILER V9.60.7.0   MAIN_V20                                                          04/07/2026 16:32:46 PAGE 6   

 302          //  Timer0_AsTimer(); /* ЪБЦї0гУзіЖЈЪБЦї  */
 303          //  Timer0_12T();   /* Timer0 clodk = fo/12 12ЗжЦЕ, default */
 304          //  Timer0_16bit();
 305          //  Timer0_Gate_INT0_P32(); /* ЪБЦї0гЩЭтВПINT0ИпЕчЦНдЪаэЖЈЪБМЦЪ§ */
 306          //  TH0 = 0;
 307          //  TL0 = 0;
 308          //  TR0 = 1; // ДђПЊЖЈЪБЦї0
 309          //  ET0 = 1;// дЪаэET0жаЖЯ
 310          // }
 311          
 312          // void T0_Interrupt(void) interrupt 1
 313          // {
 314          //  Rx_cnt = 0;     //вЛЕЉГіЯжвчГі, дђПЊЪМЕФnИіТіГхЮоаЇ
 315          //  RxPulseWide = 1000; //ЭЃжЙ
 316          //  B_RxOk = 1;     //ащФтЪеЕНвЛИіТіГх
 317          // }
 318          
 319          /********************* INT0жаЖЯКЏЪ§ *************************/
 320          // void INT0_int (void) interrupt INT0_VECTOR
 321          // {
 322          //  u16 j;
 323            
 324          //  TR0 = 0;
 325          //  j = ((u16)TH0 << 8) + TL0;
 326          //  TH0 = 0;
 327          //  TL0 = 0;
 328          //  TR0 = 1;
 329          
 330          //  if(++Rx_cnt >= 5) Rx_cnt = 5;
 331          //  j >>= 1;  //ЮЊСЫКУДІРэ, зЊГЩЕЅЮЛЮЊus
 332          //  if((j >= 800) && (j <= 2000) && (Rx_cnt == 5))
 333          //  {
 334          //    RxPulseWide = j;
 335          //    B_RxOk = 1;   //БъжОЪеЕНвЛИіТіГх
 336          //  }
 337          
 338          // }
 339          
 340          /********************* ДЎПкГѕЪМЛЏКЏЪ§ *************************/
 341          bit busy;
 342          
 343          
 344          void UartInit(void)   //9600bps@24.000MHz
 345          {
 346   1        SCON = 0x50;    //8ЮЛЪ§Он,ПЩБфВЈЬиТЪ
 347   1        AUXR |= 0x01;   //ДЎПк1бЁдёЖЈЪБЦї2ЮЊВЈЬиТЪЗЂЩњЦї
 348   1        AUXR |= 0x04;   //ЖЈЪБЦї2ЪБжгЮЊFosc,МД1T
 349   1        T2L = 0x8F;   //ЩшЖЈЖЈЪБГѕжЕ
 350   1        T2H = 0xFD;   //ЩшЖЈЖЈЪБГѕжЕ
 351   1        AUXR |= 0x10;   //ЦєЖЏЖЈЪБЦї2
 352   1          ES = 1;                     //ЪЙФмДЎПк1жаЖЯ
 353   1      }
 354          
 355          
 356          /*----------------------------
 357          UART жаЖЯЗўЮёГЬађ
 358          -----------------------------*/
 359          void Uart() interrupt 4 using 1
 360          {
 361   1          ES = 0;         //ЙиБеДЎПкжаЖЯ
 362   1        if (RI)
 363   1          {
C51 COMPILER V9.60.7.0   MAIN_V20                                                          04/07/2026 16:32:46 PAGE 7   

 364   2          PWW_Set = SBUF; // АбЪеЕНЕФЪ§ОнИјСЫPWW_Set
 365   2          RI=0; // ДЎПкНгЪеБъжОЧх0
 366   2          B_RxOk = 1;
 367   2          }
 368   1          if (TI)
 369   1          {
 370   2              TI = 0;                 //ЧхГ§TIЮЛ
 371   2              busy = 0;               //ЧхУІБъжО
 372   2          }
 373   1        ES = 1;         //ЪЙФмДЎПкжаЖЯ
 374   1      }
 375          
 376          
 377          /*----------------------------
 378          ЗЂЫЭДЎПкЪ§Он
 379          ----------------------------*/
 380          void SendData(BYTE dat)
 381          {
 382   1          while (busy);               //ЕШД§ЧАУцЕФЪ§ОнЗЂЫЭЭъГЩ
 383   1          ACC = dat;                  //ЛёШЁаЃбщЮЛP (PSW.0)
 384   1          if (P)                      //ИљОнPРДЩшжУаЃбщЮЛ
 385   1          {
 386   2          #if (PARITYBIT == ODD_PARITY)
                      TB8 = 0;                //ЩшжУаЃбщЮЛЮЊ0
                  #elif (PARITYBIT == EVEN_PARITY)
                      TB8 = 1;                //ЩшжУаЃбщЮЛЮЊ1
                  #endif
 391   2          }
 392   1          else
 393   1          {
 394   2          #if (PARITYBIT == ODD_PARITY)
                      TB8 = 1;                //ЩшжУаЃбщЮЛЮЊ1
                  #elif (PARITYBIT == EVEN_PARITY)
                      TB8 = 0;                //ЩшжУаЃбщЮЛЮЊ0
                  #endif
 399   2          }
 400   1          busy = 1;
 401   1          SBUF = ACC;                 //аДЪ§ОнЕНUARTЪ§ОнМФДцЦї
 402   1      }
 403          
 404          /*----------------------------
 405          ЗЂЫЭзжЗћДЎ
 406          ----------------------------*/
 407          void SendString(char *s)
 408          {
 409   1          while (*s)                  //МьВтзжЗћДЎНсЪјБъжО
 410   1          {
 411   2              SendData(*s++);         //ЗЂЫЭЕБЧАзжЗћ
 412   2          }
 413   1      }
 414          
 415          
 416          /**********************************************/
 417          
 418          void main(void)
 419          {
 420   1        PWM_Init();
 421   1        ADC_Init();
 422   1        CMP_Init();
 423   1        UartInit();
 424   1        // T0_Iint();
 425   1      
C51 COMPILER V9.60.7.0   MAIN_V20                                                          04/07/2026 16:32:46 PAGE 8   

 426   1        IE0 = 0;  // ЧхГ§ЭтжаЖЯ0БъжОЮЛ
 427   1        // EX0 = 1; // INT0 Enable
 428   1        // IT0 = 1; //INT0 ЯТНЕбижаЖЯ
 429   1        
 430   1        // RxPulseWide = 1000;
 431   1        PWW_Set = 0;
 432   1        cnt10ms = 0;
 433   1        Rx_cnt  = 0;
 434   1        TimeOut = 0;
 435   1      
 436   1        EA = 1; // ДђПЊзмжаЖЯ
 437   1        // Delay_n_ms(1); //бгЪБ
 438   1        SendString("BLDC Test !\r\n");
 439   1        SendString("Baud 9600 bps @24.000MHz\r\n");
 440   1        while (1)
 441   1        {
 442   2          Delay_n_ms(1);  //бгЪБ1ms, жїГЬађдкДЫНкХФЯТдЫаа
 443   2      
 444   2        SendString("STC15W408AS Test !\r\n"); 
 445   2        SendString("Baud 9600 bps @24.000MHz\r\n"); 
 446   2          if (TimeOut > 0)
 447   2          {
 448   3            if(--TimeOut == 0)  //ЖТзЊГЌЪБ
 449   3            {
 450   4              DISABLE_CMP_INT;  // ЙиБШНЯЦїжаЖЯ
 451   4              CCAP0H=0; CCAP1H=0; CCAP2H=0;  // еМПеБШЮЊ0
 452   4              PWM0_L=0; PWM1_L=0; PWM2_L=0;
 453   4              // RxPulseWide = 1000;
 454   4              PWW_Set   = 0;
 455   4              PWM_Value = 0;
 456   4              B_RxOk = 0;
 457   4              B_RUN  = 0;
 458   4              Rx_cnt = 0;
 459   4              TimeOut = 0;
 460   4              SendString("Time Out!\r\n");
 461   4      
 462   4              Delay_n_ms(250);  //ЖТзЊЪБ,бгЪБ1УыдйЦєЖЏ
 463   4              Delay_n_ms(250);
 464   4              Delay_n_ms(250);
 465   4              Delay_n_ms(250);
 466   4      
 467   4            }
 468   3          }
 469   2          
 470   2          // if(B_RxOk) //ЪеЕНвЛИіТіГх
 471   2          // {
 472   2          //  B_RxOk = 0;
 473   2          //  j = RxPulseWide;
 474   2          //  if(j >= 1100)       // 1100~1610ЖдгІPWMеМПеБШжЕ0~255
 475   2          //  {
 476   2          //    j = (j - 1100) >> 1;  //2usЖдгІPWMвЛИіВННј
 477   2          //    if(j > 256) j = 255;
 478   2          //  }
 479   2          //  else  j = 0;
 480   2          //  PWW_Set = (u8)j;
 481   2          // }
 482   2          // SendData(PWW_Set);
 483   2          if(B_RxOk) // ШчЙћДЎПкЪеЕНЪ§Он
 484   2          {
 485   3            // SendData(PWW_Set);
 486   3            B_RxOk = 0;
 487   3            // if(rec==0x22)// МгЫйУќСю
C51 COMPILER V9.60.7.0   MAIN_V20                                                          04/07/2026 16:32:46 PAGE 9   

 488   3            // {
 489   3            //  if(PWM_Value<250)
 490   3            //  {
 491   3            //    PWM_Value++; // діМгеМПеБШ
 492   3            //  }
 493   3            // }
 494   3            // else if(rec==0x33)// МѕЫйУќСю
 495   3            // {
 496   3            //  if(PWM_Value>30)
 497   3            //  {
 498   3            //    PWM_Value--; // МѕаЁеМПеБШ
 499   3            //  }
 500   3            // }
 501   3            // else if(rec==0x11) // ЦєЖЏУќСю
 502   3            // {
 503   3            //  StartMotor(); // ЦєЖЏТэДя
 504   3            //  CMPCR1 &= ~0X40; // ашШэМўЧхГ§жаЖЯБъжОЮЛ
 505   3            //  ENABLE_CMP_INT; // ДђПЊБШНЯЦїжаЖЯ
 506   3            //  B_RUN = 1;
 507   3            //  TimeOut = 0;
 508   3            // }
 509   3            // else if(rec==0x44) // ЭЃжЙУќСю
 510   3            // {
 511   3            //  CCAP0H=0;CCAP1H=0;CCAP2H=0;  // еМПеБШЖМжУ0
 512   3            //  EA = 0; // ЙиБеШЋОжжаЖЯ
 513   3            //  DISABLE_CMP_INT; // ЙиБеБШНЯЦїжаЖЯ
 514   3            // }
 515   3          }
 516   2          if(!B_RUN && (PWW_Set >= 30))   // PWM_Set >= 30, ВЂЧвТэДяЮДдЫаа, дђЦєЖЏТэДя
 517   2          {
 518   3            StartMotor(); // ЦєЖЏТэДя
 519   3            // TimeOut = 0;
 520   3          }
 521   2          
 522   2          
 523   2          if(++cnt10ms >= 10)   // 10msЪБЯЖ
 524   2          {
 525   3            // SendData(cnt10ms);
 526   3            cnt10ms = 0;
 527   3            if(B_RUN)
 528   3            {
 529   4              if(PWM_Value < PWW_Set) PWM_Value++;
 530   4              if(PWM_Value > PWW_Set) PWM_Value--;
 531   4              if(PWM_Value < 20)  // ЭЃзЊ
 532   4              {
 533   5                PWM_Value = 0;
 534   5                B_RUN = 0;
 535   5                CCAP0H=0; CCAP1H=0; CCAP2H=0;  // еМПеБШЮЊ0
 536   5                PWM0_L=0; PWM1_L=0; PWM2_L=0;
 537   5                DISABLE_CMP_INT; // ЙиБШНЯЦїжаЖЯ
 538   5                SendString("Stop Motor!\r\n");
 539   5              }
 540   4            }
 541   3          }
 542   2        }
 543   1      }
 544          
 545          
 546          
 547          


C51 COMPILER V9.60.7.0   MAIN_V20                                                          04/07/2026 16:32:46 PAGE 10  

MODULE INFORMATION:   STATIC OVERLAYABLE
   CODE SIZE        =    815    ----
   CONSTANT SIZE    =     88    ----
   XDATA SIZE       =   ----    ----
   PDATA SIZE       =   ----    ----
   DATA SIZE        =      8       3
   IDATA SIZE       =   ----    ----
   BIT SIZE         =      3    ----
END OF MODULE INFORMATION.


C51 COMPILATION COMPLETE.  0 WARNING(S),  0 ERROR(S)
